<?xml version="1.0" encoding="UTF-8"?>
<testng-results skipped="0" failed="0" ignored="0" total="1" passed="1">
  <reporter-output>
  </reporter-output>
  <suite name="Default suite" duration-ms="4088" started-at="2021-11-26T10:25:33 CST" finished-at="2021-11-26T10:25:37 CST">
    <groups>
    </groups>
    <test name="Default test" duration-ms="4088" started-at="2021-11-26T10:25:33 CST" finished-at="2021-11-26T10:25:37 CST">
      <class name="test.MonthDropDownHasAllMonths_Test">
        <test-method status="PASS" signature="testMonthDropDown()[pri:0, instance:test.MonthDropDownHasAllMonths_Test@15d0c81b]" name="testMonthDropDown" duration-ms="4050" started-at="2021-11-26T10:25:33 CST" finished-at="2021-11-26T10:25:37 CST">
          <reporter-output>
          </reporter-output>
        </test-method> <!-- testMonthDropDown -->
      </class> <!-- test.MonthDropDownHasAllMonths_Test -->
    </test> <!-- Default test -->
  </suite> <!-- Default suite -->
</testng-results>
